<mxfile userAgent="Mozilla/5.0 (Macintosh; Intel Mac OS X 10_12_6) AppleWebKit/537.36 (KHTML, like Gecko) Chrome/60.0.3112.113 Safari/537.36" version="7.3.1" editor="www.draw.io"><diagram id="58fe8a77-6bc2-f3af-a155-6e2048c4dabd" name="Page-1">5VpZd5vIEv41fpw57BKPgNjRxiIQb4h9E7sE+vW325ZsK3ISZ5LMzJmrYx91F11FU8tXVY2ecK4cxdark2UVhMUThgTjE754wjCUwBHwBSnTC2VGki+EuE2D66I3gpFewivxyhcPaRB2dwv7qir6tL4n+tXxGPr9Hc1r2+p8vyyqivu71l4cPhAM3yseqXYa9MkLdY7N3uhSmMbJ7c4oRb9cOXh+HrfVcLze7wnDo+fPy+XSu8m6PmiXeEF1fkfC+Seca6uqfxmVIxcWULc3tb3wCV+5+rrvNjz2n2HA5y8cJ68YwtuWnzfWTzdlPD9OCBnQJ5w9J2kfGrXnw6tnYH5AS/qyuF7u+rbKQ64qqvaZG0eeP+BKlBbFjX6sjoCdDbwueRUcF14HzQbXvqoFTvyqTP3r+LrbsO3D8auPjL4qEjhoWJVh305gyat3XnV/9c2bKc5vhibJKy15Z2RsdiV6V+eKX0W/KRgMrjr+WN/Eg3bDAHjedVq1fVLF1dEr+Dcqe6//d7oOx7R3roqB4z0c/0mCWRb2/XQNK2/oK0B6k61VVX2TcAT7d17Znqf7O1XD7d0puquG1v8iXHuvjcPXWPi0Qdqw8Pr0dC//I+0+szJt603vFtRVeuy7d5I3kPBmZwyl7uw8Q74w1IvAN7O97uxTliQfAqcPO3h7v6i6ECql9Y5d2qfV8cHmwHn7e1O2YZdevMPzAqj868OB1ST7RC4AxSvS+AgIPtBqCGKIhUGQAshirhfKNAie/aXwDmHBvgLRu1i8QtE3wugKqNedvOHUe2sS3wyvP5A/UeQGlD9m4QcT4vg9RxVFHfCzL+PtxwxH/ZYQfImfaxB+L7Q6EDA9A/PUGxY+04QUbvsloI/BbYUPkRFCICRel6A/EOV/NZKJvz2Sf8Kss4d45KoSbv15e91QXO/w34lD6ntxSM5m2B0EEr8kKu9lUr8hROe/I0TRpy+z5N8chr8h2d5s8ctD9MHoBE7fV030F9XQy7auXG/W/9GsTWH478za9P9t1p5/Dy0ohLjT/B/Yr0EL7EOpvxQvbqHxzqwmMGt6jB+BpChAExl+v5H5qrI/32ng5L1G8cdOA8U+6DTmv6DRuJXh7/NhEvr5P60TlLyvylES+xuV8tjc/pb26xXp0Tuc/yeSzmcSC/GYWP41XRyO3XfrKI29t/iPrv/pBILiD3ElQvy61pj/saTxEjDf7PUI6j5h478ka/yB3meN39EI3vz+oWVIuw+y/z+ZOP5WkLxV9N86EnwHUO8h7BG03sPlN0DxDduQbwLrJ9Dsttu/2Mm+PwX8QME32k+6N0nfoxSOf2G4lyd6qKYfBX0Bdw8e8MNl+U8E1Ac9+H8YG7/TfyN/Ijh6D403UPurzjN9yPBLsBD/KOipAprnAAYxHJgvnZLQemV4rtr8tgDIfl3zCRvfvyG4wscHLwc+b+mPAPnu1QKcbLweiDk+UzDQ6vyWahaj0EegRvBHHMF+AVDfOvLffZJ5p8p/R/n6YKH7HHB7q/U+B+BfaYD/BUeXxGOv9mBZCGL1T+HVtz2ZnH1RN9+8686TqUdPRnHs6zr7dM2BfV8DXeLVcJiWzy9vX+FAgzi/qa6HNvjiUPV9VX4uAXwJKT10PNbr6peXylE6Qsdnn2/J3KjIjQLGgdd7TzjzMsWEGnbXXLpj1/oZUcW4YsBnZVgJb8VgJMI523LMHnxzUaT7ExjIHF/w251OMCEaQMuxlj6aQJq/K0kvtFOm2HOcPDizrScbdbefqMOBq/KVSVrlyUrqaLNg6xyV+ZHutplddza7JBkkMjfVhlatjanXxsFWVqhn1ONqUOUcsZYeY7OW5OKhOx9yPTnRxekyJ4Arg5hjETwfF/vSPB4vmxHM/UtxcbuklDeiBZ6TNeVcn6vcedC6Vp2I3rNzcnMB3sFeuoN48uNEFtjYl6ADYOyspS5dYtmO2vjtQIVHctaJC3gfyazh80pieNz4i3h+VjhT7bUIx+cN6bIBoi6WrAukZGBVmxwvIxnZ6OnQIztBdyTl5J3nnM1sz1Ln771I6eS8UY2C7GbrSzeP+qCh4/i0N2PggazbVYRJjOoOpU8gYbE4alroaqHne5Gd6REjnWVZ6bIZv3UXBe+yZ8IHq7S0qENbA3vYjPNFuc8YZc82a1leo1Z5aLR51EJZpwNO+1JBhtF5kBKGnzMhc7QI4bg6nUKwK6wF8SREoBAVHArFpdUmvsQy4NyDXdkpFm5kIZp7JLxPf1nO1iM1hs4F9qsRY8fahTxyCZjBS8QAjDFLEEqXPXEcMpRljzvwIaJDD4KGVVQOqRdVwGKlMaPyeqats25mn1X2rJouYxzE9b7No2xtZuEW7gr8E/NoPfOHaAF2yC4y3GFdvfcMcMV15VDcre2inaXEoKpZRa1B9e7ZDdFCywwMPa3Ei0NGA75fNWh40vNCSXf5DnqOe5ANuAzThCwhG69sx+UOzM8nZg2+xO0pWx/NnqCHs4s2dCRRQyPP+4y37AGwcwBJPCwiYVAo/bi/zPk9e2LEGFHPHGnS5DzeZvK02Z+k/FLKK7ZeEP1U6TxgcKYXZz4dMDpfFa5t+bvLGfADEyaCcQZ+U0x0pBdoIDnKxUd2O2mHlHLTVA01aM5GmJRcOzKHswn1cKDosKu0dCY2hd3uix0aaLlrebNsJGh8FqQjgWOlisx09uIzS8CBiJS6zioyDY+52x88LDMOCyCK9RJm1mMzmlhjfeuedg3pe5YjnbPWZNZ7hhMwvPHyGtdqlBupjQ5YaI0bxeX8mOtW4OxQ1wokHYSOsCsCR0CM+jDZmll3aFU1ibXM9gU9DisyWad5Qtv1vl8seMAS4BJNUYE3SJQDAZ7FNYUn5B3H6EyHO6syc7iwyu1Lh68IXxU4MnVLSyjJRh4960hbuU/JhbjeEUd1I2VnQvR7zcAiv51Ow6Ek1S2LyJKn8Gx8EOcboBlwj9H1O9s62Pw015KOFcWmSavzEjusaMnHlxfb3hWu6AYdnMx8qLgcZ6gwUvPKXgEB5RoHMNuPcMOzAPfsoo5WpL+LlcTfJOJ2wTUoOUlMjGB1SMj02JRTFpK4SnYiEaxwskN3ykTlO1kNKPyAQp+Avrms92QT+Frhbwc/6VJaJ2WBzDCb9PbzcOOrNMT08OyHK3G6qLXT8zE1ZHoFJAgwUh0iIkdLZzbalCi8xJRC5TGZBrxKsvUC14R0kYOUBmNCTE094xvHXY/6FlktDiSoRwSA8mxkDsKyEpmxdLFdwekiCeNxDt1EMVq8DitaN/eagfRstGHN4Mwo/ImRxfbQl2h2WWL2Je+R1qa8Y0bSXjeV8PlqaimGXRNSAutEJzx2Apfmw1Ik6i4P4MNPVp6a00lFwyEWLn4ca0Pnjx6E45jZmOf5UdtLFG8ofKPIUkLBECxPTps4tjEzthJreTxrqERy7vnWjhZSUegytsmwVbpP5fpYRLzlibS6w0wgoTpSi4qhkVMTUI7HM/Nok20HzlV2pFo5SCOnw6ipqHuGwEz1W3e2ZGyx18O6Oek1Z5dmcVHySwo0o3Yuc14ulosT9IeNmOm93bS0nUyEofpkpTgKS06Wynt5yKtz1JdzCCRykQ7DKO5GVe/3suAEiFlZhsWTqlFbYJWyNnNqIS2VDuNsaN+d6WdNVPf6aAipGG/qRRZ2pcPt0dGId3p/kVwe0TstPPXSbJr8QhwFQcPGSuEsnn7JfNh+Xw2ghpknnVYFkRT4dE0u+2XuJolpYas9Te85+ZgOfVKyyqkYJ3WnxTx+WGXMCRTOLGGm8e6wdlvJ6wqz2DZKviLqxWZpaT6uTMRmR2E+lvREgSlVTh1PykwQEH6VbRFVnrvA1mweG+a6WYLkUBNzQ6koq8p9253kk2tN6n5umcYBiaVKX+aXoiUZeclSAzlVvoGepK0A1AvwJkIcc2+2tVuS5DjSbtukvRkGc0LXJDxSlsaar+b0cndpgLXRkwoDB9XtAQFALCwRy3QT55AhtSNHVikoJHcpHH7sDXQ7bUOVU9HVWsORCdkZlTEvl9XJXyK6chwCDWaBbZcXOlvQFR0d17a6xShka2v4BrBge501XX2VCupEc3Y2o8qzIqm2nxJYn1pNabDj2bXqmoTJvLTjBlVtxYrTwVzZnqoUldobRbqT5Ta/7FQLJhrb1RdKnGCI4kxOTbsFv56R+H7vVItMaifgTsJKOea4mJ2U0lPX1na6iHHqqosKl/syzQp+2Y2VXBoxtZo0t6pIfaEtPU7Jq3Xmp9i/h8ffL8xNy53nCU755VlkGqGH6Xp+zOYu1W7XDOPqkYPSCmakSACLhQhgTXGR1IMSBkFYFpfp0HmeDG3MnrnDCl2sVB6zTFa8GCbnABZpckw8CIElhWrQa3kLGgRYKwanXcSrDq4qXReB3UM78hqrwNxpL5EcCGTEw0rYbJ4F6tzZMDdotlJ4bLtly4tuGrbOuT1dJM0q79PeHRpQKArTQS1mVsIQsP4MKdopVhJFoLAWZ1hFt0i+zZU4jmEzAP8+dxJAfP/E8OMGCZn9ggbp8bWDMXV9CLAegQ19C7vd5/OZf8n5y0+p9Moxv+9Ib2/v3imc/uCI9i8crYDp209uXxr4t9814/z/AA==</diagram></mxfile>