<mxfile userAgent="Mozilla/5.0 (Macintosh; Intel Mac OS X 10_12_6) AppleWebKit/537.36 (KHTML, like Gecko) Chrome/60.0.3112.113 Safari/537.36" version="7.3.5" editor="www.draw.io"><diagram id="42388f15-5f65-c165-6e53-3877164c0659" name="Page-1">5VtXc6PIFv41ftwtssQjILIiQSDeEDmJLIF+/e22JduyvLOetT07tVflKdGHPk33Cd8JaB5wrhjExq3iRekH+QOG+MMDPnvAMJTAEfAFKeMTZYKiT4SoSfzLpBeCnpyDC/HCF/WJH7Q3E7uyzLukuiV65eEQeN0NzW2a8nQ7LSzz26dWbhTcEXTPze+pVuJ38RN1ik1e6FKQRPH1yShFP93Zu14WNWV/uDzvAcPDx8/T7cK9rnU5aBu7fnl6RcL5B5xryrJ7uioGLsihbK9ie+IT/uLu876b4NB9hAF7Yji6eR9cd/y4r268yuLxNAGcjz7g7ClOukCvXA/ePQHtA1rcFfnldts1ZRZwZV42j9w48vgBd8Ikz6/0Q3kA7KzvtvHzwlHutlBrcO6zVODAK4vEu1xfdhs0XTD85YnRZzkC+wzKIuiaEUw5vSiSJC/ij18pEb8arXsxnuiZ90WA4OIiw/flid+JL/CBZV2GZdPFZVQe3Jx/obK3An4lzGBIOvtycni9g9d/kmCUBl03XtzG7bsSkF7WnpdldV3hAPZvP7M9Dnc3soTbu5FkW/aNdyFdjLpzmyi4Chf5sMCbIHe75Hi7/HvCfWRlmsYdX02oyuTQta9WXkMCmHBR/IR6WvCCMCTyRk1P670o7XljH9IjcecXRtDCp3t52QZQJo17aJMuKQ93Gge22d0qsgna5OzuHydA0V/OBmaT7AM5AxQ3T6IDIHhAqAFwERbaeAIAibncKBLff7SW3N0HOfsMM69c7QI0P/CSC1xedvKCQq+Vib+vzMtCfyB/osgVBn9OwXcaxPFbjjIMW2Bmb73t5xRHfosDPnnPxQX/zrFa4C8dA6PQC9Q90oQEbvvJnQ/+dYYHgQ8iHCRepqA/4eP/0I/JX+7Hn9AqdeeOXFnArT9ur+3zyxP+O25I/p0bkpMJdoOAxJc45e2a1Dd46OQ7PBR9eBsif7EXfn2k/YnU5rM6p+kbrWOTN5nQ07YuXC/K/9mQTUzx74zZ0//bmD35O7CgEOJG8n9gXwMW2Lurfilc0O9qNTlE9zCS56A+DP6+SPlLWX/A1a4nR28Fek2LXxUZKPZOkTH9ghrj+qzX0TAOvOzflgl6m5GjOPYLZYLeH/07Cq9nmEdvQP7fiDgfiCrXJO+3LODQq96v9nLJZ4R/Nv/T4QO974WIEL0uCeZ/LGSgP/ZlWOcR1G24xr8kZvyB3saM7ygC0c+1YZCvqAK/2Y2v2vhKN/4w2N53R9ZN6fdgv/8xJ/lAMwR/k1mhX+Ilt573PU5C3qcRj0V10r6TIP+rydUvzSTuew33wniJ4q/j/H1kf40iP8gcXhIA5OFH2ccHsOL5dck/6/W8bpK/I+Ar7ZPWTZC3oRxH3yju6UR3Bee9m7zJCTDqs5XrZxxq8n+VQFA/9GHkTwRH36DYJ6FxfJfha7DwvnfwgFE5VM8eXETw4tJMEBq3CE5lk10ngLWf53xAx7dvyC7w8c7LsY9r+j1Avnm1BgdrtwPLHB4pGEJ8S8WH0e9UwQh+DyPYV+A0fQ/L39Hpv5Hk71fiYfdwj31Yjb9BZx+7b2bc6RUiWPU5sPqhGT//XOGKMFfburFj6t6OnxOTzxjy9Rw/kkAbuxW8TIrHHy48Y8Ecgvy6vDQ18dm+7Lqy+Bj6v8WTDpod67bV0w8qwmSAZs8+PpK5UpErBVz7buc+4MzTEBMq2H7iki270k6IKkYlAz5L3Yx5MwJXIhyzDcfswDcXhpo3gguZ43N+s9UIJkB9qDnW1AYDrOZtC9INrITJdxwn9/Zk48p61e5Gar/nymxpkGZxNOMqXM/YKkNlfqDbTWpVrcUuSAYJjXW5plVzbWiVvreUJerq1bDsVTlDzIXLWKwpOXjgTPtMi490fjxPCWDKwONYBM+G2a4wDofzegBj75yfnTYu5LVognOyhpxpU5U79fO2UUeic62MXJ+BdbDndi8evSiWBTbyJGgAGDtpqHMbm5at1l7TU8GBnLTiDD5HMip4XkkMDmtvFk1PCmeo3TzE8WlNOqyPqLMF64BVUjCriQ/ngQwt9LjvkK2g2ZJydE9TzmI2J6n1dm6otHJWq3pOtpPVuZ2GnV/TUXTcGRGwQNZpS8IgBnWL0kcQrVgcNUx0OdOynchOtJCRTrKstOmE3ziznHfYE+GBWfMkrwJrDvawHqazYpcyyo6tV7K8Qs1iX8+nYQPXOu5x2pNyMghPvRQz/JQJmINJCIfl8RiAXWEN8CchBEm9YFMoLi3X0TmSAecO7MpKsGAtC+HUJeFzuvNishqoIbDPsKMTMlY0P5MHLgYjeIvogTImMUJpsisOfYqy7GELPkS474DTsIrKIdWs9Fms0CdUVk3mq7SdWCeVPamGw+h7cbVrsjBdGWmwgbsC/4hpuJp4fTgDO2RnKW6zjta5OrjjOHIgbldW3kwSolfVtKRWIHV3rZpooGZ6hh6X4tkmwx7fLWs0OGpZriTbbAstx9nLOpyGzYU0Jmu3aIbFFoxPR2YFvsTNMV0djI6g+5OD1nQoUX0tT7uUN60esHMASVwsJKFTKN2wO0/5HXtkxAhRTxxp0OQ02qTyuN4dpexcyEu2mhHdWGo8YLDHJ2M+7jE6W+aOZXrb8wnwAxXGgn4CdpOPdKjlqC/ZytlDtltpixRyXZc11c/ttTAq2fzA7E8GlMOeooO2nCcTsc6tZpdvUX+eOaY7SQeCxid+MhA4VqjIRGPPHrMAHIhIqau0JJPgkDnd3sVSfT8DS7FuzEw6bEITK6xrnOO2Jj3XtKVT2hjMasdwAobXblbh8wrlBmqtARZ6zg3iYnrINNO3t6hj+pIGXEfY5r4tIHq1H625UbVoWdaxuUh3OT30SzJeJVlMW9Wum814wOLjEk1RvttLlI3T0G7nCk/IW47RmBa3l0Vqc0GZWecWXxKeKnBk4hSmUJC1PLjmgTYzj5JzcbUlDupaSk+E6HVzHQu9Zjz2+4JUNywiS67Cs9FenK6BZMAzBsdrLXNv8eN0HresKNZ1Up4W2H5JSx6+OFvWNndEx2/hYOJBwWU4QwWhmpXWEixQrHAAs90ANzzxcdfKq3BJettIib11LG5mXI2So8RECFYFhEwPdTGmAYmrZCsS/hInW3SrjFS2lVWfwvcotAlom4tqR9a+N8+9Te/FbUJrpCyQKWaR7m4arD2VhpgenLxgKY5ntbI7PqL6VCvBCgL0VJsIycHUmPV8jBVeYgqhdJl0DqxKsrQcnwvJLAMhDfqEmBhayte2sxq0DbKc7UmQbgsA5dnQ6IVFKTJD4WDbnNNEEvrjFJqJojd4FZS0ZuzmOtKx4Zo1/BOj8EdGFpt9V6DpeYFZ56xDGotyDylJu+1YwPNV1EIM2jqgBNYOj3hk+w7NB4VIVG3mw8OPZpYY41FFgz4Szl4UzfvWG1wIxxGzNk7Tw3wnUbyu8LUiSzEFXbA42k1sW/pE30is6fKsrhLxqeMbK5xJea7J2DrFlskukatDHvKmK9LqFjPACuWBmpUMjRxrn7JdnpmG63TTc46yJdXSRmo56Ye5ijonCMxUt3EmC8YSOy2o6qNWcVZh5GclOydAMmrrMKfFbDE7QntYi6nWWXVDW/FI6KpHloqtsORoqrybBbw6RT05g0Ai50nfD+J2ULVuJwu2jxilqZs8qeqVCWYpKyOjZtJCaTHOgvrdGl5ah1WnDbqQiNG6mqVBW9jcDh30aKt1Z8nhEa2dB8dOmoyjl4uDIMyxoVQ4k6efIh+225U9yGGmcTsv/VDyPboiF90ic+LYMLHljqZ3nHxI+i4uWOWYD6O6nUc8vl+mzBGkzSxhJNF2v3IayW1zI9/USrYkqtl6Yc49XBmJ9ZbCPCzuiBxTyow6HJWJICD8Mt0gqjx1gK7ZLNKNVb0AwaEiprpSUmaZeZYzykfHHNXd1DT0PRJJpbbIznlDMvKCpXpyLD0dPUobAYgX4E2I2MbOaCqnIMlhoJ2mTjoj8KeENpfwUFnoK76c0ovtuQbaRo8qdBxUs3oEALGwQEzDie19ilS2HJqFoJDcObf5odPRzbgJVE5Fl6s5jozIVi/1abEoj94C0ZRD789hFNi0Wa6xOV3S4WFlqRuMQjbWHF8DFmynsYajLRNBHWnOSidUcVIk1fISAusSsy50djg5ZlWRMJgXVlSjqqWYUdIbS8tVlbxUOz1PtrLcZOetasJAYznaTIliDFHs0a5oJ+dXExLf7exylkrNCMxJWCqHDBfTo1K46srcjGcxShx1VuJyVyRpzi/aoZQLPaKW49wpS1KbzRcup2TlKvUS7Pfh8XYzY91wp2mMU15xEpla6GC4nh7SqUM1mxXDOFpoo7SC6Qniw2QhBFiTnyV1rwS+HxT5edy3ritDHbMnbr9EZ0uVx0yDFc+6wdmARRptA/cDoEmh7LVK3oACAeaK/nEb8qqNq0rbhmD3UI/8nFVg7LQWSAYWZMT9UlivHxfUuJNurNF0qfDYZsMWZ83QLY1zOjqP62XWJZ3T1yBRFMa9mk/MmCFg/hlQtJ0vJYpAYS7OsIpmknyTKVEUwWIA/n2sDfDqt8l/1S58v0BCJl9QIN2/mNPHtgsA1iOwnG9g/fvYnPlNmi+fEumFY/qmIr3vgNPv9Ge/orFyfffwStzboPET717Av/alAHnbbCK+7ycXYPjyE/ynpsbL/3PA+f8B</diagram></mxfile>