<mxfile userAgent="Mozilla/5.0 (Macintosh; Intel Mac OS X 10_12_6) AppleWebKit/537.36 (KHTML, like Gecko) Chrome/60.0.3112.113 Safari/537.36" version="7.3.1" editor="www.draw.io"><diagram id="58fe8a77-6bc2-f3af-a155-6e2048c4dabd" name="Page-1">5VpXd6NI0/41vtw9ZMElIERUIgjEHSInkSXQr/+6bcm2Rp6045l3z3469lF30VU0FZ6qavSE8+Uotl6dLKsgLJ4wJBif8PkThqEEjoAvSJleKDOSfCHEbRpcF70RjPQSXolXvnhIg7C7W9hXVdGn9T3Rr47H0O/vaF7bVuf7ZVFV3N+19uLwgWD4XvFItdOgT16oNDZ7o0thGie3O6MU83Ll4Pl53FbD8Xq/JwyPnj8vl0vvJuv6oF3iBdX5HQkXnnC+rar+ZVSOfFhA3d7U9sK3+MrV13234bH/EQacfuE4ecUQ3rb8vLF+uinj+XFCyIA+4dw5SfvQqD0fXj0D8wNa0pfF9XLXt1Ue8lVRtc/cOPL8AVeitChu9GN1BOxc4HXJq+C48DpoNrj2VS1w4ldl6l/H192GbR+OX31k9FWRwEHDqgz7dgJLbgzkVfdX37yZ4vxmaIK60pJ3RiZuzuldnSt+Ff2mYDC46vhjfRMP2g0D4HnXadX2SRVXR68Q3qjcvf7f6Toc0965KgaO93D8NwlmWdj30zWsvKGvAOlNtlZV9U3CEezfeWV7nu7vVA23d6forhpa/4tw7b02Dl9j4YcN0oaF16ene/kfafeZlW1bb3q3oK7SY9+9k7yBhDc7Yyh1Z+cZ8oWhXgS+me11Zz9kSfIhcPqwg7f3i6oLoVJa79ilfVodH2wOnLe/N2UbdunFOzwvgMq/PhxYTXJP5BxQvCKNj4DgA62GIIY4GAQpgCz2eqFMg+DZXwrvEBbcKxC9i8UrFH0jjK6Aet3JG069tybxzfD6C/kbRW5A+XMWfjAhjt9zVFHUAT/7Mt5+znDUbwnBl/i5BuH3QqsDAdOzME+9YeEzbZHCbb8E9DG4rfAhMkIIhMTrEvQnovyfRjLxxyP5F8w6e4hHvirh1p+31w3F9Q7/nTikvheH5GyG3UEg8SlReS+T+g0hSv+OEEWfvsySfzgMXxEBvcOD5638wxC92eLTQ/TB6ATO3FdNzBfV0Mu2rlxv1v/ZrE3O7quz2Rf163eW4/jnZnnm/22Wp7+HLhRC3Kn+L+xT0OUvlLx3NJL+DQhzC6Z3hjWBYdNj/Ag9RQHazvD7rc9X1f3jvQlO3usUf+xNUOyD3oT+hNbkVri/z6BJ6Of/a52g5H0dj5LYH1TKYzv8Wxq2b+WGf2G1SDymon9N34dj9ykBZbBvppDvrP/lFILiD3ElQvy6VqX/sbTxEjDf7A4JCr8HuU/KG/fZ6He0jje/f2gy0u6D/P+/TBx/FCRvPcC3DhHfAdR7CHsErfdw+ZUWGr3DNuTpa234D55i3Xb7D3vfdxomP1DwjfaL7k0yHxe6ryJenuih/n4U9AXcPXjATxfyvxBQH3Tt/2Fs/E7HjvyN4Og9NN5A7VM79r/I3wCN+EcYQBXQWgcwiOHAfGmdFq1XhueqzW8LgOzXNT9g8vtXDFc0+eDtwo8b/iN8vns3AScbrwdijs8UDPQ+n1PczmZ3tiEQ8hG3EfwRVrDPwO3Hiv9B/TAU6l+rCL6duKj7vP0KR3cKoB4VgOKzT9AA9n0NdIlXw2FaPr80fPUiDaLFpro2//j8UPV9Vf4YjHzpiT2svjmvq19eZkbpCF2Pe74le6MiNwoYB17vPeHsyxRb1LBH49Mdt9bPiCrGFQs+K8NKBCsGIxHOuZZn9+CbjyLdn8BA5oVC2O50gg3RAFqOs/TRBNL8XUl6oZ2yxZ7n5cGZbT3ZqLv9RB0OfJWvTNIqT1ZSR5s5V+eoLIxMt83surO5JckikbmpNoxqbUy9Ng62skI9ox5XgyrniLX0WJuzJBcPXXrI9eTEFKcLTYBEAsKJQ/B8nO9L83i8bEYw9y/Fxe2SUt6IFnhOzpRznVb586B1rToRvWfn5OYCvIO7dAfx5MeJvOBiX4IOgHGzlrp0iWU7auO3AxUeyVknzuF9JLOGzyuJ4XHjz2P6rPCm2msRjtMN6XIBos6XnAukZGBVmxwvIxnZ6OnQI7uF7kjKyTvTvM1uz1Ln771I6eS8UY2C7GbrS0dHfdAwcXzamzHwQM7tKsIkRnWHMieAcxyOmha6muv5XuRmesRKZ1lWumwmbN15IbjcmfDBKi0t6tDWwB42Iz0v9xmr7LlmLctr1CoPjUZHLZR1OuCMLxVkGJ0HKWEFmg3Zo0UsjqvTKQS7wloGiIhAObNwKBSXVpv4EsuAcw92ZadYuJEXEe2R8D79ZTlbj9QYOhfY9USsHWsX8sgnYAYvEQMwxixBKF32xHHIUI477sCHiA49CBpOUXmknlcBh5XGjMrrmbbOupl9VrmzarqscRDX+zaPsrWZhVu4K/BP0NF65g/RHOyQm2e4w7l67xngiuvKobhb20U7S4lBVbOKWoMK0LMbooWWGVhmWokXh4wGfL9q0PCk54WS7vId9Bz3IBtwGaYtsoRsvLIdlzswP5/YNfgSt6dsfTR7ghnOLtowkUQNjUz3mWDZA2DnAZJ4WETCoFD6cX+hhT13YsUYUc88aTIkHW8zedrsT1J+KeUVV8+Jfqp0ATA404sznw4Yk68K17b83eUM+IEJk4VxBn5TTEykF2ggOcrFR3Y7aYeUctNUDTVozmYxKbl2ZA9nE+rhQDFhV2npTGwKu90XOzTQctfyZtlIMPgsSEcCx0oVmencxWeXgAMRKXWdVWQaHnO3P3hYZhzmQBTnJeysx2YMscb61j3tGtL3LEc6Z63Jrvcsv8DwxstrXKtRfqQ2OmBhNH4Ul/Qx163A2aGuFUg6CJ3FrgicBWLUh8nWzLpDq6pJrGW2L5hxWJHJOs0Txq73/XwuAJYAlxiKCrxBohx4kMzhmiIQ8o5ndbbDnVWZOXxY5falw1eEry54MnVLa1GSjTx61pGxcp+SC3G9I47qRsrOhOj3moFFfjudhkNJqlsOkSVPEbj4INIboBlwj9H1O9s62MJEa0nHiWLTpNV5iR1WjOTjy4tt7wpXdIMOTmY+VFyOs1QYqXllr4CAco0DmO1HuOFZgHt2UUcr0t/FSuJvEnE75xuUnCQ2RrA6JGRmbMopC0lcJTuRCFY42aE7ZaLynawGFH5AoU9A31zWe7IJfK3wt4OfdCmjk/KCzDCb9PZ0uPFVBmJ6ePbDlThd1NrphZgaMr0CEhYwUh0iIkdLZzfalCiCxJaLymMzDXiVZOsFri3SeQ5SGowJMTX1TGgcdz3qW2Q1P8Dj1AVAeS4yh8WyEtmxdLFdwesiCeORhm6iGC1ehxWjm3vNQHou2nBmcGYV4cTKYnvoSzS7LDH7kvdIa1PeMSMZr5tK+Hw1tRTDrgmpBedEJzx2ApcRwlIk6i4P4MNPVp6a00lFwyFeXPw41obOHz0IxzG7Mc/0UdtLlGAoQqPIUkLBECxPTps4tjEzthJneQJnqERy7oXWjuZSUegytsmwVbpP5fpYRILliYy6w0wgoTpS84plkFMTUI4nsHS0ybYD7yo7Uq0cpJHTYdRU1D1DYKb6rTtbsrbY62HdnPSat0uzuCj5JQWaUTuXPS/ny/kJ+sNGzPTeblrGTibCUH2yUhyFIydLFbw8FFQa9eUcAolcpMMwirtR1fu9vHACxKwswxJI1agtsEpZmzk1l5ZKh/E2tO/O9LMmqnt9NBapGG/qeRZ2pcPv0dGId3p/kVwB0TstPPXSbJr8QhwXCw0bK4W3BOYl82H7fTWAGoZOOq0KIinwmZpc9svcTRLTwlZ7htnz8jEd+qTklFMxTupOiwX8sMrYE2jEOcJM491h7baS1xVmsW2UfEXU883S0nxcmYjNjsJ8LOmJAlOqnDqelNligQirbIuoMu0CW3N5bJjrZgmSQ03QhlJRVpX7tjvJJ9ea1D1tmcYBiaVKX+aXoiVZeclRAzlVvoGepO0CqBfgTYQ45t5sa7ckyXFk3LZJezMMaELXJDxSlsZaqGhmubs0wNroSYWBg+r2gAAgXiwRy3QT55AhtSNHVrlQSP5SOMLYG+h22oYqr6KrtYYjE7IzKoMul9XJXyK6chwCDWaBbZcXOlcwFRMd17a6xShka2v4BrBge50zXX2VLtSJ4e1sRpVnRVJtPyWwPrWa0uDGs2vVNQmTeWnHDaraihWng7myPVUpKrU3inQny21+2akWTDS2q8+VOMEQxZmcmnELYT0j8f3eqeaZ1E7AnRYr5ZjjYnZSSk9dW9vpIsapq84rXO7LNCuEZTdWcmnE1GrS3Koi9bm29Hglr9aZn2L/Hh5/Pzc3LX+mE5zyy7PINosepmv6mNEu1W7XLOvqkYMyCmakSACLhQhgTXGR1IMSBkFYFpfp0HmeDG3MnfnDCp2vVAGzTE68GCbvABZpckw8CIElF9Wg1/IWNAiwVgxOu0hQHVxVui4Cu4d2FDROgbnTXiI5EMiKh9Vis3kWqPNnw9yg2UoRsO2WKy+6adg67/ZMkTSrvE97d2hAobiYDmoxsxKWgPVnSDFOsZIoAoW1OMspukUKba7EcQybAfj3Yw3k1xqoWzdP/GC/hHxGv/R4lm1MXR8C6EfgO48WHqM9d/n/ki7+lzR85aDvGlQUnT0onPng3O8zGvTbO/ff/Vulu7OOf8frpocThPsz29vvVt+f2eJfeWX953+cBKZvP+F9Wf72O2lc+D8=</diagram></mxfile>